<?xml version="1.0" encoding="UTF-8"?>
<testng-results skipped="4" failed="0" ignored="0" total="5" passed="1">
  <reporter-output>
  </reporter-output>
  <suite name="SuiteDemo" duration-ms="12296" started-at="2020-06-17T07:28:10 UTC" finished-at="2020-06-17T07:28:22 UTC">
    <groups>
    </groups>
    <test name="Group1" duration-ms="10407" started-at="2020-06-17T07:28:10 UTC" finished-at="2020-06-17T07:28:20 UTC">
      <class name="pageObjectModel.VerifyLogin_PgFactory">
        <test-method status="PASS" signature="BeforeMethod()[pri:0, instance:pageObjectModel.VerifyLogin_PgFactory@5b87ed94]" name="BeforeMethod" is-config="true" duration-ms="15" started-at="2020-06-17T07:28:10 UTC" finished-at="2020-06-17T07:28:10 UTC">
          <reporter-output>
          </reporter-output>
        </test-method> <!-- BeforeMethod -->
        <test-method status="PASS" signature="ValidLogin__fact()[pri:0, instance:pageObjectModel.VerifyLogin_PgFactory@5b87ed94]" name="ValidLogin__fact" duration-ms="10203" started-at="2020-06-17T07:28:10 UTC" finished-at="2020-06-17T07:28:20 UTC">
          <reporter-output>
          </reporter-output>
        </test-method> <!-- ValidLogin__fact -->
      </class> <!-- pageObjectModel.VerifyLogin_PgFactory -->
    </test> <!-- Group1 -->
    <test name="Group2" duration-ms="1483" started-at="2020-06-17T07:28:21 UTC" finished-at="2020-06-17T07:28:22 UTC">
      <class name="data.driven.test.readWriteExcelDemo">
        <test-method status="SKIP" signature="beforeTest()[pri:0, instance:data.driven.test.readWriteExcelDemo@1c3a4799]" name="beforeTest" is-config="true" duration-ms="-1592378902626" started-at="2020-06-17T07:28:22 UTC" finished-at="1970-01-01T00:00:00 UTC">
          <reporter-output>
          </reporter-output>
        </test-method> <!-- beforeTest -->
        <test-method status="SKIP" signature="beforeMethod()[pri:0, instance:data.driven.test.readWriteExcelDemo@1c3a4799]" name="beforeMethod" is-config="true" duration-ms="-1592378902652" started-at="2020-06-17T07:28:22 UTC" finished-at="1970-01-01T00:00:00 UTC">
          <reporter-output>
          </reporter-output>
        </test-method> <!-- beforeMethod -->
        <test-method status="SKIP" signature="ReadWrite()[pri:0, instance:data.driven.test.readWriteExcelDemo@1c3a4799]" name="ReadWrite" duration-ms="0" started-at="2020-06-17T07:28:22 UTC" finished-at="2020-06-17T07:28:22 UTC">
          <exception class="org.apache.poi.openxml4j.exceptions.InvalidOperationException">
            <message>
              <![CDATA[Could not open the specified zip entry source stream]]>
            </message>
            <full-stacktrace>
              <![CDATA[org.apache.poi.openxml4j.exceptions.InvalidOperationException: Could not open the specified zip entry source stream
at org.apache.poi.openxml4j.opc.ZipPackage.openZipEntrySourceStream(ZipPackage.java:205)
at org.apache.poi.openxml4j.opc.ZipPackage.openZipEntrySourceStream(ZipPackage.java:187)
at org.apache.poi.openxml4j.opc.ZipPackage.openZipEntrySourceStream(ZipPackage.java:161)
at org.apache.poi.openxml4j.opc.ZipPackage.<init>(ZipPackage.java:142)
at org.apache.poi.openxml4j.opc.OPCPackage.open(OPCPackage.java:295)
at org.apache.poi.openxml4j.opc.OPCPackage.open(OPCPackage.java:201)
at org.apache.poi.xssf.usermodel.XSSFWorkbook.<init>(XSSFWorkbook.java:323)
at data.driven.test.readExcelDemo2.beforeTest(readExcelDemo2.java:38)
at sun.reflect.NativeMethodAccessorImpl.invoke0(Native Method)
at sun.reflect.NativeMethodAccessorImpl.invoke(Unknown Source)
at sun.reflect.DelegatingMethodAccessorImpl.invoke(Unknown Source)
at java.lang.reflect.Method.invoke(Unknown Source)
at org.testng.internal.MethodInvocationHelper.invokeMethod(MethodInvocationHelper.java:133)
at org.testng.internal.MethodInvocationHelper.invokeMethodConsideringTimeout(MethodInvocationHelper.java:62)
at org.testng.internal.ConfigInvoker.invokeConfigurationMethod(ConfigInvoker.java:340)
at org.testng.internal.ConfigInvoker.invokeConfigurations(ConfigInvoker.java:294)
at org.testng.TestRunner.invokeTestConfigurations(TestRunner.java:623)
at org.testng.TestRunner.beforeRun(TestRunner.java:613)
at org.testng.TestRunner.run(TestRunner.java:584)
at org.testng.SuiteRunner.runTest(SuiteRunner.java:402)
at org.testng.SuiteRunner.runSequentially(SuiteRunner.java:396)
at org.testng.SuiteRunner.privateRun(SuiteRunner.java:355)
at org.testng.SuiteRunner.run(SuiteRunner.java:304)
at org.testng.SuiteRunnerWorker.runSuite(SuiteRunnerWorker.java:53)
at org.testng.SuiteRunnerWorker.run(SuiteRunnerWorker.java:96)
at org.testng.TestNG.runSuitesSequentially(TestNG.java:1180)
at org.testng.TestNG.runSuitesLocally(TestNG.java:1102)
at org.testng.TestNG.runSuites(TestNG.java:1032)
at org.testng.TestNG.run(TestNG.java:1000)
at org.testng.remote.AbstractRemoteTestNG.run(AbstractRemoteTestNG.java:115)
at org.testng.remote.RemoteTestNG.initAndRun(RemoteTestNG.java:251)
at org.testng.remote.RemoteTestNG.main(RemoteTestNG.java:77)
Caused by: java.io.EOFException: Unexpected end of ZLIB input stream
at java.util.zip.InflaterInputStream.fill(Unknown Source)
at java.util.zip.InflaterInputStream.read(Unknown Source)
at java.util.zip.ZipInputStream.read(Unknown Source)
at org.apache.poi.openxml4j.util.ZipSecureFile$ThresholdInputStream.read(ZipSecureFile.java:220)
at java.io.FilterInputStream.read(Unknown Source)
at org.apache.poi.openxml4j.util.ZipInputStreamZipEntrySource$FakeZipEntry.<init>(ZipInputStreamZipEntrySource.java:132)
at org.apache.poi.openxml4j.util.ZipInputStreamZipEntrySource.<init>(ZipInputStreamZipEntrySource.java:56)
at org.apache.poi.openxml4j.opc.ZipPackage.openZipEntrySourceStream(ZipPackage.java:203)
... 31 more
]]>
            </full-stacktrace>
          </exception> <!-- org.apache.poi.openxml4j.exceptions.InvalidOperationException -->
          <reporter-output>
          </reporter-output>
        </test-method> <!-- ReadWrite -->
        <test-method status="SKIP" signature="afterMethod()[pri:0, instance:data.driven.test.readWriteExcelDemo@1c3a4799]" name="afterMethod" is-config="true" duration-ms="-1592378902658" started-at="2020-06-17T07:28:22 UTC" finished-at="1970-01-01T00:00:00 UTC">
          <reporter-output>
          </reporter-output>
        </test-method> <!-- afterMethod -->
        <test-method status="SKIP" signature="afterTest()[pri:0, instance:data.driven.test.readWriteExcelDemo@1c3a4799]" name="afterTest" is-config="true" duration-ms="-1592378902663" started-at="2020-06-17T07:28:22 UTC" finished-at="1970-01-01T00:00:00 UTC">
          <reporter-output>
          </reporter-output>
        </test-method> <!-- afterTest -->
      </class> <!-- data.driven.test.readWriteExcelDemo -->
      <class name="data.driven.test.readWriteExcelLoopDemo">
        <test-method status="SKIP" signature="beforeTest()[pri:0, instance:data.driven.test.readWriteExcelLoopDemo@1f554b06]" name="beforeTest" is-config="true" duration-ms="-1592378902628" started-at="2020-06-17T07:28:22 UTC" finished-at="1970-01-01T00:00:00 UTC">
          <reporter-output>
          </reporter-output>
        </test-method> <!-- beforeTest -->
        <test-method status="SKIP" signature="ReadWrite()[pri:0, instance:data.driven.test.readWriteExcelLoopDemo@1f554b06]" name="ReadWrite" duration-ms="0" started-at="2020-06-17T07:28:22 UTC" finished-at="2020-06-17T07:28:22 UTC">
          <exception class="org.apache.poi.openxml4j.exceptions.InvalidOperationException">
            <message>
              <![CDATA[Could not open the specified zip entry source stream]]>
            </message>
            <full-stacktrace>
              <![CDATA[org.apache.poi.openxml4j.exceptions.InvalidOperationException: Could not open the specified zip entry source stream
at org.apache.poi.openxml4j.opc.ZipPackage.openZipEntrySourceStream(ZipPackage.java:205)
at org.apache.poi.openxml4j.opc.ZipPackage.openZipEntrySourceStream(ZipPackage.java:187)
at org.apache.poi.openxml4j.opc.ZipPackage.openZipEntrySourceStream(ZipPackage.java:161)
at org.apache.poi.openxml4j.opc.ZipPackage.<init>(ZipPackage.java:142)
at org.apache.poi.openxml4j.opc.OPCPackage.open(OPCPackage.java:295)
at org.apache.poi.openxml4j.opc.OPCPackage.open(OPCPackage.java:201)
at org.apache.poi.xssf.usermodel.XSSFWorkbook.<init>(XSSFWorkbook.java:323)
at data.driven.test.readExcelDemo2.beforeTest(readExcelDemo2.java:38)
at sun.reflect.NativeMethodAccessorImpl.invoke0(Native Method)
at sun.reflect.NativeMethodAccessorImpl.invoke(Unknown Source)
at sun.reflect.DelegatingMethodAccessorImpl.invoke(Unknown Source)
at java.lang.reflect.Method.invoke(Unknown Source)
at org.testng.internal.MethodInvocationHelper.invokeMethod(MethodInvocationHelper.java:133)
at org.testng.internal.MethodInvocationHelper.invokeMethodConsideringTimeout(MethodInvocationHelper.java:62)
at org.testng.internal.ConfigInvoker.invokeConfigurationMethod(ConfigInvoker.java:340)
at org.testng.internal.ConfigInvoker.invokeConfigurations(ConfigInvoker.java:294)
at org.testng.TestRunner.invokeTestConfigurations(TestRunner.java:623)
at org.testng.TestRunner.beforeRun(TestRunner.java:613)
at org.testng.TestRunner.run(TestRunner.java:584)
at org.testng.SuiteRunner.runTest(SuiteRunner.java:402)
at org.testng.SuiteRunner.runSequentially(SuiteRunner.java:396)
at org.testng.SuiteRunner.privateRun(SuiteRunner.java:355)
at org.testng.SuiteRunner.run(SuiteRunner.java:304)
at org.testng.SuiteRunnerWorker.runSuite(SuiteRunnerWorker.java:53)
at org.testng.SuiteRunnerWorker.run(SuiteRunnerWorker.java:96)
at org.testng.TestNG.runSuitesSequentially(TestNG.java:1180)
at org.testng.TestNG.runSuitesLocally(TestNG.java:1102)
at org.testng.TestNG.runSuites(TestNG.java:1032)
at org.testng.TestNG.run(TestNG.java:1000)
at org.testng.remote.AbstractRemoteTestNG.run(AbstractRemoteTestNG.java:115)
at org.testng.remote.RemoteTestNG.initAndRun(RemoteTestNG.java:251)
at org.testng.remote.RemoteTestNG.main(RemoteTestNG.java:77)
Caused by: java.io.EOFException: Unexpected end of ZLIB input stream
at java.util.zip.InflaterInputStream.fill(Unknown Source)
at java.util.zip.InflaterInputStream.read(Unknown Source)
at java.util.zip.ZipInputStream.read(Unknown Source)
at org.apache.poi.openxml4j.util.ZipSecureFile$ThresholdInputStream.read(ZipSecureFile.java:220)
at java.io.FilterInputStream.read(Unknown Source)
at org.apache.poi.openxml4j.util.ZipInputStreamZipEntrySource$FakeZipEntry.<init>(ZipInputStreamZipEntrySource.java:132)
at org.apache.poi.openxml4j.util.ZipInputStreamZipEntrySource.<init>(ZipInputStreamZipEntrySource.java:56)
at org.apache.poi.openxml4j.opc.ZipPackage.openZipEntrySourceStream(ZipPackage.java:203)
... 31 more
]]>
            </full-stacktrace>
          </exception> <!-- org.apache.poi.openxml4j.exceptions.InvalidOperationException -->
          <reporter-output>
          </reporter-output>
        </test-method> <!-- ReadWrite -->
        <test-method status="SKIP" signature="afterTest()[pri:0, instance:data.driven.test.readWriteExcelLoopDemo@1f554b06]" name="afterTest" is-config="true" duration-ms="-1592378902664" started-at="2020-06-17T07:28:22 UTC" finished-at="1970-01-01T00:00:00 UTC">
          <reporter-output>
          </reporter-output>
        </test-method> <!-- afterTest -->
      </class> <!-- data.driven.test.readWriteExcelLoopDemo -->
      <class name="data.driven.test.readExcelDemo2">
        <test-method status="FAIL" signature="beforeTest()[pri:0, instance:data.driven.test.readExcelDemo2@694e1548]" name="beforeTest" is-config="true" duration-ms="1397" started-at="2020-06-17T07:28:21 UTC" finished-at="2020-06-17T07:28:22 UTC">
          <exception class="org.apache.poi.openxml4j.exceptions.InvalidOperationException">
            <message>
              <![CDATA[Could not open the specified zip entry source stream]]>
            </message>
            <full-stacktrace>
              <![CDATA[org.apache.poi.openxml4j.exceptions.InvalidOperationException: Could not open the specified zip entry source stream
at org.apache.poi.openxml4j.opc.ZipPackage.openZipEntrySourceStream(ZipPackage.java:205)
at org.apache.poi.openxml4j.opc.ZipPackage.openZipEntrySourceStream(ZipPackage.java:187)
at org.apache.poi.openxml4j.opc.ZipPackage.openZipEntrySourceStream(ZipPackage.java:161)
at org.apache.poi.openxml4j.opc.ZipPackage.<init>(ZipPackage.java:142)
at org.apache.poi.openxml4j.opc.OPCPackage.open(OPCPackage.java:295)
at org.apache.poi.openxml4j.opc.OPCPackage.open(OPCPackage.java:201)
at org.apache.poi.xssf.usermodel.XSSFWorkbook.<init>(XSSFWorkbook.java:323)
at data.driven.test.readExcelDemo2.beforeTest(readExcelDemo2.java:38)
at sun.reflect.NativeMethodAccessorImpl.invoke0(Native Method)
at sun.reflect.NativeMethodAccessorImpl.invoke(Unknown Source)
at sun.reflect.DelegatingMethodAccessorImpl.invoke(Unknown Source)
at java.lang.reflect.Method.invoke(Unknown Source)
at org.testng.internal.MethodInvocationHelper.invokeMethod(MethodInvocationHelper.java:133)
at org.testng.internal.MethodInvocationHelper.invokeMethodConsideringTimeout(MethodInvocationHelper.java:62)
at org.testng.internal.ConfigInvoker.invokeConfigurationMethod(ConfigInvoker.java:340)
at org.testng.internal.ConfigInvoker.invokeConfigurations(ConfigInvoker.java:294)
at org.testng.TestRunner.invokeTestConfigurations(TestRunner.java:623)
at org.testng.TestRunner.beforeRun(TestRunner.java:613)
at org.testng.TestRunner.run(TestRunner.java:584)
at org.testng.SuiteRunner.runTest(SuiteRunner.java:402)
at org.testng.SuiteRunner.runSequentially(SuiteRunner.java:396)
at org.testng.SuiteRunner.privateRun(SuiteRunner.java:355)
at org.testng.SuiteRunner.run(SuiteRunner.java:304)
at org.testng.SuiteRunnerWorker.runSuite(SuiteRunnerWorker.java:53)
at org.testng.SuiteRunnerWorker.run(SuiteRunnerWorker.java:96)
at org.testng.TestNG.runSuitesSequentially(TestNG.java:1180)
at org.testng.TestNG.runSuitesLocally(TestNG.java:1102)
at org.testng.TestNG.runSuites(TestNG.java:1032)
at org.testng.TestNG.run(TestNG.java:1000)
at org.testng.remote.AbstractRemoteTestNG.run(AbstractRemoteTestNG.java:115)
at org.testng.remote.RemoteTestNG.initAndRun(RemoteTestNG.java:251)
at org.testng.remote.RemoteTestNG.main(RemoteTestNG.java:77)
Caused by: java.io.EOFException: Unexpected end of ZLIB input stream
at java.util.zip.InflaterInputStream.fill(Unknown Source)
at java.util.zip.InflaterInputStream.read(Unknown Source)
at java.util.zip.ZipInputStream.read(Unknown Source)
at org.apache.poi.openxml4j.util.ZipSecureFile$ThresholdInputStream.read(ZipSecureFile.java:220)
at java.io.FilterInputStream.read(Unknown Source)
at org.apache.poi.openxml4j.util.ZipInputStreamZipEntrySource$FakeZipEntry.<init>(ZipInputStreamZipEntrySource.java:132)
at org.apache.poi.openxml4j.util.ZipInputStreamZipEntrySource.<init>(ZipInputStreamZipEntrySource.java:56)
at org.apache.poi.openxml4j.opc.ZipPackage.openZipEntrySourceStream(ZipPackage.java:203)
... 31 more
]]>
            </full-stacktrace>
          </exception> <!-- org.apache.poi.openxml4j.exceptions.InvalidOperationException -->
          <reporter-output>
          </reporter-output>
        </test-method> <!-- beforeTest -->
        <test-method status="SKIP" signature="beforeMethod()[pri:0, instance:data.driven.test.readExcelDemo2@694e1548]" name="beforeMethod" is-config="true" duration-ms="-1592378902643" started-at="2020-06-17T07:28:22 UTC" finished-at="1970-01-01T00:00:00 UTC">
          <reporter-output>
          </reporter-output>
        </test-method> <!-- beforeMethod -->
        <test-method status="SKIP" signature="ReadWrite()[pri:0, instance:data.driven.test.readExcelDemo2@694e1548]" name="ReadWrite" duration-ms="0" started-at="2020-06-17T07:28:22 UTC" finished-at="2020-06-17T07:28:22 UTC">
          <exception class="org.apache.poi.openxml4j.exceptions.InvalidOperationException">
            <message>
              <![CDATA[Could not open the specified zip entry source stream]]>
            </message>
            <full-stacktrace>
              <![CDATA[org.apache.poi.openxml4j.exceptions.InvalidOperationException: Could not open the specified zip entry source stream
at org.apache.poi.openxml4j.opc.ZipPackage.openZipEntrySourceStream(ZipPackage.java:205)
at org.apache.poi.openxml4j.opc.ZipPackage.openZipEntrySourceStream(ZipPackage.java:187)
at org.apache.poi.openxml4j.opc.ZipPackage.openZipEntrySourceStream(ZipPackage.java:161)
at org.apache.poi.openxml4j.opc.ZipPackage.<init>(ZipPackage.java:142)
at org.apache.poi.openxml4j.opc.OPCPackage.open(OPCPackage.java:295)
at org.apache.poi.openxml4j.opc.OPCPackage.open(OPCPackage.java:201)
at org.apache.poi.xssf.usermodel.XSSFWorkbook.<init>(XSSFWorkbook.java:323)
at data.driven.test.readExcelDemo2.beforeTest(readExcelDemo2.java:38)
at sun.reflect.NativeMethodAccessorImpl.invoke0(Native Method)
at sun.reflect.NativeMethodAccessorImpl.invoke(Unknown Source)
at sun.reflect.DelegatingMethodAccessorImpl.invoke(Unknown Source)
at java.lang.reflect.Method.invoke(Unknown Source)
at org.testng.internal.MethodInvocationHelper.invokeMethod(MethodInvocationHelper.java:133)
at org.testng.internal.MethodInvocationHelper.invokeMethodConsideringTimeout(MethodInvocationHelper.java:62)
at org.testng.internal.ConfigInvoker.invokeConfigurationMethod(ConfigInvoker.java:340)
at org.testng.internal.ConfigInvoker.invokeConfigurations(ConfigInvoker.java:294)
at org.testng.TestRunner.invokeTestConfigurations(TestRunner.java:623)
at org.testng.TestRunner.beforeRun(TestRunner.java:613)
at org.testng.TestRunner.run(TestRunner.java:584)
at org.testng.SuiteRunner.runTest(SuiteRunner.java:402)
at org.testng.SuiteRunner.runSequentially(SuiteRunner.java:396)
at org.testng.SuiteRunner.privateRun(SuiteRunner.java:355)
at org.testng.SuiteRunner.run(SuiteRunner.java:304)
at org.testng.SuiteRunnerWorker.runSuite(SuiteRunnerWorker.java:53)
at org.testng.SuiteRunnerWorker.run(SuiteRunnerWorker.java:96)
at org.testng.TestNG.runSuitesSequentially(TestNG.java:1180)
at org.testng.TestNG.runSuitesLocally(TestNG.java:1102)
at org.testng.TestNG.runSuites(TestNG.java:1032)
at org.testng.TestNG.run(TestNG.java:1000)
at org.testng.remote.AbstractRemoteTestNG.run(AbstractRemoteTestNG.java:115)
at org.testng.remote.RemoteTestNG.initAndRun(RemoteTestNG.java:251)
at org.testng.remote.RemoteTestNG.main(RemoteTestNG.java:77)
Caused by: java.io.EOFException: Unexpected end of ZLIB input stream
at java.util.zip.InflaterInputStream.fill(Unknown Source)
at java.util.zip.InflaterInputStream.read(Unknown Source)
at java.util.zip.ZipInputStream.read(Unknown Source)
at org.apache.poi.openxml4j.util.ZipSecureFile$ThresholdInputStream.read(ZipSecureFile.java:220)
at java.io.FilterInputStream.read(Unknown Source)
at org.apache.poi.openxml4j.util.ZipInputStreamZipEntrySource$FakeZipEntry.<init>(ZipInputStreamZipEntrySource.java:132)
at org.apache.poi.openxml4j.util.ZipInputStreamZipEntrySource.<init>(ZipInputStreamZipEntrySource.java:56)
at org.apache.poi.openxml4j.opc.ZipPackage.openZipEntrySourceStream(ZipPackage.java:203)
... 31 more
]]>
            </full-stacktrace>
          </exception> <!-- org.apache.poi.openxml4j.exceptions.InvalidOperationException -->
          <reporter-output>
          </reporter-output>
        </test-method> <!-- ReadWrite -->
        <test-method status="SKIP" signature="afterMethod()[pri:0, instance:data.driven.test.readExcelDemo2@694e1548]" name="afterMethod" is-config="true" duration-ms="-1592378902650" started-at="2020-06-17T07:28:22 UTC" finished-at="1970-01-01T00:00:00 UTC">
          <reporter-output>
          </reporter-output>
        </test-method> <!-- afterMethod -->
        <test-method status="SKIP" signature="afterTest()[pri:0, instance:data.driven.test.readExcelDemo2@694e1548]" name="afterTest" is-config="true" duration-ms="-1592378902659" started-at="2020-06-17T07:28:22 UTC" finished-at="1970-01-01T00:00:00 UTC">
          <reporter-output>
          </reporter-output>
        </test-method> <!-- afterTest -->
      </class> <!-- data.driven.test.readExcelDemo2 -->
      <class name="data.driven.test.readExcelTestNG">
        <test-method status="SKIP" signature="setup()[pri:0, instance:data.driven.test.readExcelTestNG@614ddd49]" name="setup" is-config="true" duration-ms="-1592378902624" started-at="2020-06-17T07:28:22 UTC" finished-at="1970-01-01T00:00:00 UTC">
          <reporter-output>
          </reporter-output>
        </test-method> <!-- setup -->
        <test-method status="SKIP" signature="readExcel()[pri:0, instance:data.driven.test.readExcelTestNG@614ddd49]" name="readExcel" duration-ms="0" started-at="2020-06-17T07:28:22 UTC" finished-at="2020-06-17T07:28:22 UTC">
          <exception class="org.apache.poi.openxml4j.exceptions.InvalidOperationException">
            <message>
              <![CDATA[Could not open the specified zip entry source stream]]>
            </message>
            <full-stacktrace>
              <![CDATA[org.apache.poi.openxml4j.exceptions.InvalidOperationException: Could not open the specified zip entry source stream
at org.apache.poi.openxml4j.opc.ZipPackage.openZipEntrySourceStream(ZipPackage.java:205)
at org.apache.poi.openxml4j.opc.ZipPackage.openZipEntrySourceStream(ZipPackage.java:187)
at org.apache.poi.openxml4j.opc.ZipPackage.openZipEntrySourceStream(ZipPackage.java:161)
at org.apache.poi.openxml4j.opc.ZipPackage.<init>(ZipPackage.java:142)
at org.apache.poi.openxml4j.opc.OPCPackage.open(OPCPackage.java:295)
at org.apache.poi.openxml4j.opc.OPCPackage.open(OPCPackage.java:201)
at org.apache.poi.xssf.usermodel.XSSFWorkbook.<init>(XSSFWorkbook.java:323)
at data.driven.test.readExcelDemo2.beforeTest(readExcelDemo2.java:38)
at sun.reflect.NativeMethodAccessorImpl.invoke0(Native Method)
at sun.reflect.NativeMethodAccessorImpl.invoke(Unknown Source)
at sun.reflect.DelegatingMethodAccessorImpl.invoke(Unknown Source)
at java.lang.reflect.Method.invoke(Unknown Source)
at org.testng.internal.MethodInvocationHelper.invokeMethod(MethodInvocationHelper.java:133)
at org.testng.internal.MethodInvocationHelper.invokeMethodConsideringTimeout(MethodInvocationHelper.java:62)
at org.testng.internal.ConfigInvoker.invokeConfigurationMethod(ConfigInvoker.java:340)
at org.testng.internal.ConfigInvoker.invokeConfigurations(ConfigInvoker.java:294)
at org.testng.TestRunner.invokeTestConfigurations(TestRunner.java:623)
at org.testng.TestRunner.beforeRun(TestRunner.java:613)
at org.testng.TestRunner.run(TestRunner.java:584)
at org.testng.SuiteRunner.runTest(SuiteRunner.java:402)
at org.testng.SuiteRunner.runSequentially(SuiteRunner.java:396)
at org.testng.SuiteRunner.privateRun(SuiteRunner.java:355)
at org.testng.SuiteRunner.run(SuiteRunner.java:304)
at org.testng.SuiteRunnerWorker.runSuite(SuiteRunnerWorker.java:53)
at org.testng.SuiteRunnerWorker.run(SuiteRunnerWorker.java:96)
at org.testng.TestNG.runSuitesSequentially(TestNG.java:1180)
at org.testng.TestNG.runSuitesLocally(TestNG.java:1102)
at org.testng.TestNG.runSuites(TestNG.java:1032)
at org.testng.TestNG.run(TestNG.java:1000)
at org.testng.remote.AbstractRemoteTestNG.run(AbstractRemoteTestNG.java:115)
at org.testng.remote.RemoteTestNG.initAndRun(RemoteTestNG.java:251)
at org.testng.remote.RemoteTestNG.main(RemoteTestNG.java:77)
Caused by: java.io.EOFException: Unexpected end of ZLIB input stream
at java.util.zip.InflaterInputStream.fill(Unknown Source)
at java.util.zip.InflaterInputStream.read(Unknown Source)
at java.util.zip.ZipInputStream.read(Unknown Source)
at org.apache.poi.openxml4j.util.ZipSecureFile$ThresholdInputStream.read(ZipSecureFile.java:220)
at java.io.FilterInputStream.read(Unknown Source)
at org.apache.poi.openxml4j.util.ZipInputStreamZipEntrySource$FakeZipEntry.<init>(ZipInputStreamZipEntrySource.java:132)
at org.apache.poi.openxml4j.util.ZipInputStreamZipEntrySource.<init>(ZipInputStreamZipEntrySource.java:56)
at org.apache.poi.openxml4j.opc.ZipPackage.openZipEntrySourceStream(ZipPackage.java:203)
... 31 more
]]>
            </full-stacktrace>
          </exception> <!-- org.apache.poi.openxml4j.exceptions.InvalidOperationException -->
          <reporter-output>
          </reporter-output>
        </test-method> <!-- readExcel -->
        <test-method status="SKIP" signature="tearDown()[pri:0, instance:data.driven.test.readExcelTestNG@614ddd49]" name="tearDown" is-config="true" duration-ms="-1592378902661" started-at="2020-06-17T07:28:22 UTC" finished-at="1970-01-01T00:00:00 UTC">
          <reporter-output>
          </reporter-output>
        </test-method> <!-- tearDown -->
      </class> <!-- data.driven.test.readExcelTestNG -->
    </test> <!-- Group2 -->
  </suite> <!-- SuiteDemo -->
</testng-results>
