<?xml version="1.0" encoding="UTF-8"?>
<!-- Generated by org.testng.reporters.JUnitXMLReporter -->
<testsuite hostname="WIN-NFDCINOH1RK" ignored="0" name="Group2" tests="4" failures="0" timestamp="2020-06-17T07:28:22 UTC" time="1.483" errors="0">
  <testcase name="@BeforeTest beforeTest" time="1.397" classname="data.driven.test.readExcelDemo2">
    <failure type="org.apache.poi.openxml4j.exceptions.InvalidOperationException" message="Could not open the specified zip entry source stream">
      <![CDATA[org.apache.poi.openxml4j.exceptions.InvalidOperationException: Could not open the specified zip entry source stream
at org.apache.poi.openxml4j.opc.ZipPackage.openZipEntrySourceStream(ZipPackage.java:205)
at org.apache.poi.openxml4j.opc.ZipPackage.openZipEntrySourceStream(ZipPackage.java:187)
at org.apache.poi.openxml4j.opc.ZipPackage.openZipEntrySourceStream(ZipPackage.java:161)
at org.apache.poi.openxml4j.opc.ZipPackage.<init>(ZipPackage.java:142)
at org.apache.poi.openxml4j.opc.OPCPackage.open(OPCPackage.java:295)
at org.apache.poi.openxml4j.opc.OPCPackage.open(OPCPackage.java:201)
at org.apache.poi.xssf.usermodel.XSSFWorkbook.<init>(XSSFWorkbook.java:323)
at data.driven.test.readExcelDemo2.beforeTest(readExcelDemo2.java:38)
Caused by: java.io.EOFException: Unexpected end of ZLIB input stream
at java.util.zip.InflaterInputStream.fill(Unknown Source)
at java.util.zip.InflaterInputStream.read(Unknown Source)
at java.util.zip.ZipInputStream.read(Unknown Source)
at org.apache.poi.openxml4j.util.ZipSecureFile$ThresholdInputStream.read(ZipSecureFile.java:220)
at java.io.FilterInputStream.read(Unknown Source)
at org.apache.poi.openxml4j.util.ZipInputStreamZipEntrySource$FakeZipEntry.<init>(ZipInputStreamZipEntrySource.java:132)
at org.apache.poi.openxml4j.util.ZipInputStreamZipEntrySource.<init>(ZipInputStreamZipEntrySource.java:56)
at org.apache.poi.openxml4j.opc.ZipPackage.openZipEntrySourceStream(ZipPackage.java:203)
... 31 more
... Removed 24 stack frames]]>
    </failure>
  </testcase> <!-- @BeforeTest beforeTest -->
  <testcase name="@BeforeTest setup" time="-1.592378902624E9" classname="data.driven.test.readExcelTestNG">
    <skipped/>
  </testcase> <!-- @BeforeTest setup -->
  <testcase name="@BeforeTest beforeTest" time="-1.592378902626E9" classname="data.driven.test.readWriteExcelDemo">
    <skipped/>
  </testcase> <!-- @BeforeTest beforeTest -->
  <testcase name="@BeforeTest beforeTest" time="-1.592378902628E9" classname="data.driven.test.readWriteExcelLoopDemo">
    <skipped/>
  </testcase> <!-- @BeforeTest beforeTest -->
  <testcase name="@BeforeMethod beforeMethod" time="-1.592378902643E9" classname="data.driven.test.readExcelDemo2">
    <skipped/>
  </testcase> <!-- @BeforeMethod beforeMethod -->
  <testcase name="@AfterMethod afterMethod" time="-1.59237890265E9" classname="data.driven.test.readExcelDemo2">
    <skipped/>
  </testcase> <!-- @AfterMethod afterMethod -->
  <testcase name="@BeforeMethod beforeMethod" time="-1.592378902652E9" classname="data.driven.test.readWriteExcelDemo">
    <skipped/>
  </testcase> <!-- @BeforeMethod beforeMethod -->
  <testcase name="@AfterMethod afterMethod" time="-1.592378902658E9" classname="data.driven.test.readWriteExcelDemo">
    <skipped/>
  </testcase> <!-- @AfterMethod afterMethod -->
  <testcase name="@AfterTest afterTest" time="-1.592378902659E9" classname="data.driven.test.readExcelDemo2">
    <skipped/>
  </testcase> <!-- @AfterTest afterTest -->
  <testcase name="@AfterTest tearDown" time="-1.592378902661E9" classname="data.driven.test.readExcelTestNG">
    <skipped/>
  </testcase> <!-- @AfterTest tearDown -->
  <testcase name="@AfterTest afterTest" time="-1.592378902663E9" classname="data.driven.test.readWriteExcelDemo">
    <skipped/>
  </testcase> <!-- @AfterTest afterTest -->
  <testcase name="@AfterTest afterTest" time="-1.592378902664E9" classname="data.driven.test.readWriteExcelLoopDemo">
    <skipped/>
  </testcase> <!-- @AfterTest afterTest -->
  <testcase name="readExcel" time="0.0" classname="data.driven.test.readExcelTestNG">
    <skipped/>
  </testcase> <!-- readExcel -->
  <testcase name="ReadWrite" time="0.0" classname="data.driven.test.readWriteExcelLoopDemo">
    <skipped/>
  </testcase> <!-- ReadWrite -->
  <testcase name="ReadWrite" time="0.0" classname="data.driven.test.readExcelDemo2">
    <skipped/>
  </testcase> <!-- ReadWrite -->
  <testcase name="ReadWrite" time="0.0" classname="data.driven.test.readWriteExcelDemo">
    <skipped/>
  </testcase> <!-- ReadWrite -->
</testsuite> <!-- Group2 -->
